<?xml version="1.0" encoding="UTF-8"?>
<!-- Generated by org.testng.reporters.JUnitXMLReporter -->
<testsuite ignored="0" hostname="LAPTOP-A8TD0T6S" failures="1" tests="4" name="Integration Test" time="112.153" errors="0" timestamp="2025-06-23T23:26:08 IST">
  <testcase classname="amzPacakge.AmazonProject.Testcase_01_LoginToAmazon_Logout" name="logginwithValidCredentils" time="12.803"/>
  <testcase classname="amzPacakge.AmazonProject.TestCase_03_Add_To_WishList" name="AddTocart" time="21.647"/>
  <testcase classname="amzPacakge.AmazonProject.TestCase_02_Add_To_Cart" name="AddTocart" time="20.256">
    <failure type="org.openqa.selenium.ElementNotInteractableException" message="element not interactable
  (Session info: MicrosoftEdge=137.0.3296.93)
Build info: version: &amp;apos;4.28.1&amp;apos;, revision: &amp;apos;73f5ad48a2&amp;apos;
System info: os.name: &amp;apos;Windows 11&amp;apos;, os.arch: &amp;apos;amd64&amp;apos;, os.version: &amp;apos;10.0&amp;apos;, java.version: &amp;apos;21.0.5&amp;apos;
Driver info: org.openqa.selenium.edge.EdgeDriver
Command: [8144b536fc53a94be22fde6b5bc85275, clickElement {id=f.B7DE565F1DD6B0C35572D02749AA2E37.d.90727355F6134BAD702369CBE8B43960.e.885}]
Capabilities {acceptInsecureCerts: false, browserName: MicrosoftEdge, browserVersion: 137.0.3296.93, fedcm:accounts: true, ms:edgeOptions: {debuggerAddress: localhost:53986}, msedge: {msedgedriverVersion: 137.0.3296.93 (114b4a913acd..., userDataDir: C:\Users\amitk\AppData\Loca...}, networkConnectionEnabled: false, pageLoadStrategy: normal, platformName: windows, proxy: Proxy(), se:cdp: ws://localhost:53986/devtoo..., se:cdpVersion: 137.0.3296.93, setWindowRect: true, strictFileInteractability: false, timeouts: {implicit: 0, pageLoad: 300000, script: 30000}, unhandledPromptBehavior: dismiss and notify, webauthn:extension:credBlob: true, webauthn:extension:largeBlob: true, webauthn:extension:minPinLength: true, webauthn:extension:prf: true, webauthn:virtualAuthenticators: true}
Element: [[EdgeDriver: MicrosoftEdge on windows (8144b536fc53a94be22fde6b5bc85275)] -&amp;gt; id: nav-item-signout]
Session ID: 8144b536fc53a94be22fde6b5bc85275">
      <![CDATA[org.openqa.selenium.ElementNotInteractableException: element not interactable
  (Session info: MicrosoftEdge=137.0.3296.93)
Build info: version: '4.28.1', revision: '73f5ad48a2'
System info: os.name: 'Windows 11', os.arch: 'amd64', os.version: '10.0', java.version: '21.0.5'
Driver info: org.openqa.selenium.edge.EdgeDriver
Command: [8144b536fc53a94be22fde6b5bc85275, clickElement {id=f.B7DE565F1DD6B0C35572D02749AA2E37.d.90727355F6134BAD702369CBE8B43960.e.885}]
Capabilities {acceptInsecureCerts: false, browserName: MicrosoftEdge, browserVersion: 137.0.3296.93, fedcm:accounts: true, ms:edgeOptions: {debuggerAddress: localhost:53986}, msedge: {msedgedriverVersion: 137.0.3296.93 (114b4a913acd..., userDataDir: C:\Users\amitk\AppData\Loca...}, networkConnectionEnabled: false, pageLoadStrategy: normal, platformName: windows, proxy: Proxy(), se:cdp: ws://localhost:53986/devtoo..., se:cdpVersion: 137.0.3296.93, setWindowRect: true, strictFileInteractability: false, timeouts: {implicit: 0, pageLoad: 300000, script: 30000}, unhandledPromptBehavior: dismiss and notify, webauthn:extension:credBlob: true, webauthn:extension:largeBlob: true, webauthn:extension:minPinLength: true, webauthn:extension:prf: true, webauthn:virtualAuthenticators: true}
Element: [[EdgeDriver: MicrosoftEdge on windows (8144b536fc53a94be22fde6b5bc85275)] -> id: nav-item-signout]
Session ID: 8144b536fc53a94be22fde6b5bc85275
at org.openqa.selenium.remote.ErrorCodec.decode(ErrorCodec.java:167)
at org.openqa.selenium.remote.codec.w3c.W3CHttpResponseCodec.decode(W3CHttpResponseCodec.java:138)
at org.openqa.selenium.remote.codec.w3c.W3CHttpResponseCodec.decode(W3CHttpResponseCodec.java:50)
at org.openqa.selenium.remote.HttpCommandExecutor.execute(HttpCommandExecutor.java:215)
at org.openqa.selenium.remote.service.DriverCommandExecutor.invokeExecute(DriverCommandExecutor.java:216)
at org.openqa.selenium.remote.service.DriverCommandExecutor.execute(DriverCommandExecutor.java:174)
at org.openqa.selenium.remote.RemoteWebDriver.execute(RemoteWebDriver.java:545)
at org.openqa.selenium.remote.RemoteWebElement.execute(RemoteWebElement.java:223)
at org.openqa.selenium.remote.RemoteWebElement.click(RemoteWebElement.java:76)
at org.openqa.selenium.support.pagefactory.internal.LocatingElementHandler.invoke(LocatingElementHandler.java:51)
at jdk.proxy2/jdk.proxy2.$Proxy12.click(Unknown Source)
at amzPacakge.AmazonProject.AmazonHomePage.Logout(AmazonHomePage.java:49)
at amzPacakge.AmazonProject.TestCase_02_Add_To_Cart.AddTocart(TestCase_02_Add_To_Cart.java:33)
at java.base/java.util.ArrayList.forEach(ArrayList.java:1596)
... Removed 30 stack frames]]>
    </failure>
  </testcase> <!-- AddTocart -->
  <testcase classname="amzPacakge.AmazonProject.TestCase_04_LoginToAmazon_Search_Product_AddToWishlist_AddToCart_Logout" name="AddTocart" time="23.816"/>
</testsuite> <!-- Integration Test -->
