<?xml version="1.0" encoding="UTF-8"?>
<!-- Generated by org.testng.reporters.JUnitXMLReporter -->
<testsuite ignored="0" hostname="LAPTOP-A8TD0T6S" failures="0" tests="4" name="Integration Test" time="120.019" errors="0" timestamp="2025-06-23T23:34:45 IST">
  <testcase classname="amzPacakge.AmazonProject.Testcase_01_LoginToAmazon_Logout" name="logginwithValidCredentils" time="12.933"/>
  <testcase classname="amzPacakge.AmazonProject.TestCase_03_Add_To_WishList" name="AddTocart" time="22.288"/>
  <testcase classname="amzPacakge.AmazonProject.TestCase_02_Add_To_Cart" name="AddTocart" time="22.75"/>
  <testcase classname="amzPacakge.AmazonProject.TestCase_04_LoginToAmazon_Search_Product_AddToWishlist_AddToCart_Logout" name="AddTocart" time="28.118"/>
</testsuite> <!-- Integration Test -->
