<?xml version="1.0" encoding="UTF-8"?>
<!-- Generated by org.testng.reporters.JUnitXMLReporter -->
<testsuite ignored="0" hostname="LAPTOP-A8TD0T6S" failures="1" tests="4" name="Test" time="97.995" errors="0" timestamp="2025-07-02T21:17:28 IST">
  <testcase classname="amzPacakge.AmazonProject.Testcase_01_LoginToAmazon_Logout" name="logginwithValidCredentils" time="14.97"/>
  <testcase classname="amzPacakge.AmazonProject.TestCase_03_Add_To_WishList" name="AddTocart" time="24.416"/>
  <testcase classname="amzPacakge.AmazonProject.TestCase_02_Add_To_Cart" name="AddTocart" time="4.852">
    <failure type="org.openqa.selenium.NoSuchElementException" message="no such element: Unable to locate element: {&amp;quot;method&amp;quot;:&amp;quot;css selector&amp;quot;,&amp;quot;selector&amp;quot;:&amp;quot;#ap_password&amp;quot;}
  (Session info: MicrosoftEdge=138.0.3351.55)
For documentation on this error, please visit: https://www.selenium.dev/documentation/webdriver/troubleshooting/errors#no-such-element-exception
Build info: version: &amp;apos;4.32.0&amp;apos;, revision: &amp;apos;d17c8aa950&amp;apos;
System info: os.name: &amp;apos;Windows 11&amp;apos;, os.arch: &amp;apos;amd64&amp;apos;, os.version: &amp;apos;10.0&amp;apos;, java.version: &amp;apos;21.0.5&amp;apos;
Driver info: org.openqa.selenium.edge.EdgeDriver
Command: [1ffd430090c2220bf1c8903df775470b, findElement {using=id, value=ap_password}]
Capabilities {acceptInsecureCerts: false, browserName: MicrosoftEdge, browserVersion: 138.0.3351.55, fedcm:accounts: true, ms:edgeOptions: {debuggerAddress: localhost:49189}, msedge: {msedgedriverVersion: 138.0.3351.65 (81e3782c3ab4..., userDataDir: C:\Users\amitk\AppData\Loca...}, networkConnectionEnabled: false, pageLoadStrategy: normal, platformName: windows, proxy: Proxy(), se:cdp: ws://localhost:49189/devtoo..., se:cdpVersion: 138.0.3351.55, setWindowRect: true, strictFileInteractability: false, timeouts: {implicit: 0, pageLoad: 300000, script: 30000}, unhandledPromptBehavior: dismiss and notify, webauthn:extension:credBlob: true, webauthn:extension:largeBlob: true, webauthn:extension:minPinLength: true, webauthn:extension:prf: true, webauthn:virtualAuthenticators: true}
Session ID: 1ffd430090c2220bf1c8903df775470b">
      <![CDATA[org.openqa.selenium.NoSuchElementException: no such element: Unable to locate element: {"method":"css selector","selector":"#ap_password"}
  (Session info: MicrosoftEdge=138.0.3351.55)
For documentation on this error, please visit: https://www.selenium.dev/documentation/webdriver/troubleshooting/errors#no-such-element-exception
Build info: version: '4.32.0', revision: 'd17c8aa950'
System info: os.name: 'Windows 11', os.arch: 'amd64', os.version: '10.0', java.version: '21.0.5'
Driver info: org.openqa.selenium.edge.EdgeDriver
Command: [1ffd430090c2220bf1c8903df775470b, findElement {using=id, value=ap_password}]
Capabilities {acceptInsecureCerts: false, browserName: MicrosoftEdge, browserVersion: 138.0.3351.55, fedcm:accounts: true, ms:edgeOptions: {debuggerAddress: localhost:49189}, msedge: {msedgedriverVersion: 138.0.3351.65 (81e3782c3ab4..., userDataDir: C:\Users\amitk\AppData\Loca...}, networkConnectionEnabled: false, pageLoadStrategy: normal, platformName: windows, proxy: Proxy(), se:cdp: ws://localhost:49189/devtoo..., se:cdpVersion: 138.0.3351.55, setWindowRect: true, strictFileInteractability: false, timeouts: {implicit: 0, pageLoad: 300000, script: 30000}, unhandledPromptBehavior: dismiss and notify, webauthn:extension:credBlob: true, webauthn:extension:largeBlob: true, webauthn:extension:minPinLength: true, webauthn:extension:prf: true, webauthn:virtualAuthenticators: true}
Session ID: 1ffd430090c2220bf1c8903df775470b
at org.openqa.selenium.remote.ErrorCodec.decode(ErrorCodec.java:167)
at org.openqa.selenium.remote.codec.w3c.W3CHttpResponseCodec.decode(W3CHttpResponseCodec.java:138)
at org.openqa.selenium.remote.codec.w3c.W3CHttpResponseCodec.decode(W3CHttpResponseCodec.java:50)
at org.openqa.selenium.remote.HttpCommandExecutor.execute(HttpCommandExecutor.java:215)
at org.openqa.selenium.remote.service.DriverCommandExecutor.invokeExecute(DriverCommandExecutor.java:216)
at org.openqa.selenium.remote.service.DriverCommandExecutor.execute(DriverCommandExecutor.java:174)
at org.openqa.selenium.remote.RemoteWebDriver.execute(RemoteWebDriver.java:545)
at org.openqa.selenium.remote.ElementLocation$ElementFinder$2.findElement(ElementLocation.java:165)
at org.openqa.selenium.remote.ElementLocation.findElement(ElementLocation.java:66)
at org.openqa.selenium.remote.RemoteWebDriver.findElement(RemoteWebDriver.java:368)
at org.openqa.selenium.remote.RemoteWebDriver.findElement(RemoteWebDriver.java:362)
at org.openqa.selenium.support.pagefactory.DefaultElementLocator.findElement(DefaultElementLocator.java:68)
at org.openqa.selenium.support.pagefactory.internal.LocatingElementHandler.invoke(LocatingElementHandler.java:38)
at jdk.proxy2/jdk.proxy2.$Proxy9.sendKeys(Unknown Source)
at amzPacakge.AmazonProject.AmazonLoginPage.Password(AmazonLoginPage.java:39)
at amzPacakge.AmazonProject.TestCase_02_Add_To_Cart.AddTocart(TestCase_02_Add_To_Cart.java:22)
at java.base/java.util.ArrayList.forEach(ArrayList.java:1596)
... Removed 32 stack frames]]>
    </failure>
  </testcase> <!-- AddTocart -->
  <testcase classname="amzPacakge.AmazonProject.TestCase_04_LoginToAmazon_Search_Product_AddToWishlist_AddToCart_Logout" name="AddTocart" time="24.945"/>
</testsuite> <!-- Test -->
