<?xml version="1.0" encoding="UTF-8"?>
<testng-results ignored="0" total="1" passed="0" failed="1" skipped="0">
  <reporter-output>
  </reporter-output>
  <suite started-at="2025-07-02T22:49:33 IST" name="Default suite" finished-at="2025-07-02T22:50:04 IST" duration-ms="30815">
    <groups>
    </groups>
    <test started-at="2025-07-02T22:49:33 IST" name="Default test" finished-at="2025-07-02T22:50:04 IST" duration-ms="30815">
      <class name="amzPacakge.AmazonProject.TestCase_05_Loggin_SearchProduct_WishList_AddToCart_SelectPaymentAsCreditCard_EnterCardDetails">
        <test-method is-config="true" signature="BrowserLaunch()[pri:0, instance:amzPacakge.AmazonProject.TestCase_05_Loggin_SearchProduct_WishList_AddToCart_SelectPaymentAsCreditCard_EnterCardDetails@489115ef]" started-at="2025-07-02T22:49:33 IST" name="BrowserLaunch" finished-at="2025-07-02T22:49:37 IST" duration-ms="3606" status="PASS">
          <reporter-output>
          </reporter-output>
        </test-method> <!-- BrowserLaunch -->
        <test-method signature="EnterCardDetails()[pri:0, instance:amzPacakge.AmazonProject.TestCase_05_Loggin_SearchProduct_WishList_AddToCart_SelectPaymentAsCreditCard_EnterCardDetails@489115ef]" started-at="2025-07-02T22:49:37 IST" name="EnterCardDetails" finished-at="2025-07-02T22:50:00 IST" duration-ms="23250" status="FAIL">
          <exception class="java.lang.NullPointerException">
            <message>
              <![CDATA[Cannot invoke "org.openqa.selenium.WebDriver.findElement(org.openqa.selenium.By)" because "driver" is null]]>
            </message>
            <full-stacktrace>
              <![CDATA[java.lang.NullPointerException: Cannot invoke "org.openqa.selenium.WebDriver.findElement(org.openqa.selenium.By)" because "driver" is null
at org.openqa.selenium.support.ui.ExpectedConditions$7.apply(ExpectedConditions.java:194)
at org.openqa.selenium.support.ui.ExpectedConditions$7.apply(ExpectedConditions.java:190)
at org.openqa.selenium.support.ui.FluentWait.until(FluentWait.java:203)
at amzPacakge.AmazonProject.AmazonCartPage.FirstlastName(AmazonCartPage.java:55)
at amzPacakge.AmazonProject.TestCase_05_Loggin_SearchProduct_WishList_AddToCart_SelectPaymentAsCreditCard_EnterCardDetails.EnterCardDetails(TestCase_05_Loggin_SearchProduct_WishList_AddToCart_SelectPaymentAsCreditCard_EnterCardDetails.java:40)
at java.base/jdk.internal.reflect.DirectMethodHandleAccessor.invoke(DirectMethodHandleAccessor.java:103)
at java.base/java.lang.reflect.Method.invoke(Method.java:580)
at org.testng.internal.invokers.MethodInvocationHelper.invokeMethod(MethodInvocationHelper.java:141)
at org.testng.internal.invokers.TestInvoker.invokeMethod(TestInvoker.java:687)
at org.testng.internal.invokers.TestInvoker.invokeTestMethod(TestInvoker.java:230)
at org.testng.internal.invokers.MethodRunner.runInSequence(MethodRunner.java:63)
at org.testng.internal.invokers.TestInvoker$MethodInvocationAgent.invoke(TestInvoker.java:995)
at org.testng.internal.invokers.TestInvoker.invokeTestMethods(TestInvoker.java:203)
at org.testng.internal.invokers.TestMethodWorker.invokeTestMethods(TestMethodWorker.java:154)
at org.testng.internal.invokers.TestMethodWorker.run(TestMethodWorker.java:134)
at java.base/java.util.ArrayList.forEach(ArrayList.java:1596)
at org.testng.TestRunner.privateRun(TestRunner.java:741)
at org.testng.TestRunner.run(TestRunner.java:616)
at org.testng.SuiteRunner.runTest(SuiteRunner.java:421)
at org.testng.SuiteRunner.runSequentially(SuiteRunner.java:413)
at org.testng.SuiteRunner.privateRun(SuiteRunner.java:373)
at org.testng.SuiteRunner.run(SuiteRunner.java:312)
at org.testng.SuiteRunnerWorker.runSuite(SuiteRunnerWorker.java:52)
at org.testng.SuiteRunnerWorker.run(SuiteRunnerWorker.java:95)
at org.testng.TestNG.runSuitesSequentially(TestNG.java:1274)
at org.testng.TestNG.runSuitesLocally(TestNG.java:1208)
at org.testng.TestNG.runSuites(TestNG.java:1112)
at org.testng.TestNG.run(TestNG.java:1079)
at org.testng.remote.AbstractRemoteTestNG.run(AbstractRemoteTestNG.java:115)
at org.testng.remote.RemoteTestNG.initAndRun(RemoteTestNG.java:293)
at org.testng.remote.RemoteTestNG.main(RemoteTestNG.java:91)
]]>
            </full-stacktrace>
          </exception> <!-- java.lang.NullPointerException -->
          <reporter-output>
          </reporter-output>
        </test-method> <!-- EnterCardDetails -->
        <test-method is-config="true" signature="BrowserQuit()[pri:0, instance:amzPacakge.AmazonProject.TestCase_05_Loggin_SearchProduct_WishList_AddToCart_SelectPaymentAsCreditCard_EnterCardDetails@489115ef]" started-at="2025-07-02T22:50:00 IST" name="BrowserQuit" finished-at="2025-07-02T22:50:04 IST" duration-ms="3915" status="PASS">
          <reporter-output>
          </reporter-output>
        </test-method> <!-- BrowserQuit -->
      </class> <!-- amzPacakge.AmazonProject.TestCase_05_Loggin_SearchProduct_WishList_AddToCart_SelectPaymentAsCreditCard_EnterCardDetails -->
    </test> <!-- Default test -->
  </suite> <!-- Default suite -->
</testng-results>
