<?xml version="1.0" encoding="UTF-8"?>
<!-- Generated by org.testng.reporters.JUnitXMLReporter -->
<testsuite ignored="0" hostname="LAPTOP-A8TD0T6S" failures="0" tests="2" name="Integartion testcase" time="57.417" errors="0" timestamp="2025-06-21T13:07:05 IST">
  <testcase classname="amzPacakge.AmazonProject.Testcase_01_LoginToAmazon_Logout" name="logginwithValidCredentils" time="13.602"/>
  <testcase classname="amzPacakge.AmazonProject.TestCase_02_Add_To_Cart" name="AddTocart" time="21.353"/>
</testsuite> <!-- Integartion testcase -->
